<?xml version="1.0" encoding="UTF-8"?>
<testng-results skipped="0" failed="0" total="1" passed="1">
  <reporter-output>
  </reporter-output>
  <suite name="Suite" duration-ms="76565" started-at="2020-09-13T09:06:16Z" finished-at="2020-09-13T09:07:33Z">
    <groups>
      <group name="cucumber">
        <method signature="AbstractTestNGCucumberTests.feature(cucumber.api.testng.CucumberFeatureWrapper)[pri:0, instance:runner.ExecuteTestRunner@13805618]" name="feature" class="cucumber.api.testng.AbstractTestNGCucumberTests"/>
      </group> <!-- cucumber -->
    </groups>
    <test name="Test" duration-ms="76565" started-at="2020-09-13T09:06:16Z" finished-at="2020-09-13T09:07:33Z">
      <class name="runner.ExecuteTestRunner">
        <test-method status="PASS" signature="setUpClass()[pri:0, instance:runner.ExecuteTestRunner@13805618]" name="setUpClass" is-config="true" duration-ms="357" started-at="2020-09-13T14:36:16Z" finished-at="2020-09-13T14:36:17Z">
          <reporter-output>
          </reporter-output>
        </test-method> <!-- setUpClass -->
        <test-method status="PASS" signature="feature(cucumber.api.testng.CucumberFeatureWrapper)[pri:0, instance:runner.ExecuteTestRunner@13805618]" name="feature" duration-ms="74559" started-at="2020-09-13T14:36:17Z" description="Runs Cucumber Feature" data-provider="features" finished-at="2020-09-13T14:37:31Z">
          <params>
            <param index="0">
              <value>
                <![CDATA[Verifying End to End checkout flow for purchasing "Pillow"]]>
              </value>
            </param>
          </params>
          <reporter-output>
          </reporter-output>
        </test-method> <!-- feature -->
        <test-method status="PASS" signature="writeExtentReport()[pri:0, instance:runner.ExecuteTestRunner@13805618]" name="writeExtentReport" is-config="true" duration-ms="97" started-at="2020-09-13T14:37:31Z" finished-at="2020-09-13T14:37:31Z">
          <reporter-output>
          </reporter-output>
        </test-method> <!-- writeExtentReport -->
        <test-method status="PASS" signature="tearDownClass()[pri:0, instance:runner.ExecuteTestRunner@13805618]" name="tearDownClass" is-config="true" duration-ms="1445" started-at="2020-09-13T14:37:31Z" finished-at="2020-09-13T14:37:33Z">
          <reporter-output>
          </reporter-output>
        </test-method> <!-- tearDownClass -->
      </class> <!-- runner.ExecuteTestRunner -->
    </test> <!-- Test -->
  </suite> <!-- Suite -->
</testng-results>
